# JRE version: Java(TM) SE Runtime Environment (8.0_131-b11) (build 1.8.0_131-b11)
# Java VM: Java HotSpot(TM) 64-Bit Server VM (25.131-b11 mixed mode windows-amd64 compressed oops)
Heap:
 PSYoungGen      total 104960K, used 54211K [0x0000000781900000, 0x0000000788700000, 0x00000007c0000000)
  eden space 97280K, 47% used [0x0000000781900000,0x0000000784678dd8,0x0000000787800000)
  from space 7680K, 99% used [0x0000000787f80000,0x00000007886f8060,0x0000000788700000)
  to   space 7680K, 0% used [0x0000000787800000,0x0000000787800000,0x0000000787f80000)
 ParOldGen       total 128512K, used 11147K [0x0000000704a00000, 0x000000070c780000, 0x0000000781900000)
  object space 128512K, 8% used [0x0000000704a00000,0x00000007054e2f60,0x000000070c780000)
 Metaspace       used 20320K, capacity 20832K, committed 20992K, reserved 1067008K
  class space    used 2503K, capacity 2758K, committed 2816K, reserved 1048576K
GC Heap History (8 events):
Event: 2.207 GC heap before
{Heap before GC invocations=1 (full 0):
 PSYoungGen      total 56320K, used 48640K [0x0000000781900000, 0x0000000785780000, 0x00000007c0000000)
  eden space 48640K, 100% used [0x0000000781900000,0x0000000784880000,0x0000000784880000)
  from space 7680K, 0% used [0x0000000785000000,0x0000000785000000,0x0000000785780000)
  to   space 7680K, 0% used [0x0000000784880000,0x0000000784880000,0x0000000785000000)
 ParOldGen       total 128512K, used 0K [0x0000000704a00000, 0x000000070c780000, 0x0000000781900000)
  object space 128512K, 0% used [0x0000000704a00000,0x0000000704a00000,0x000000070c780000)
 Metaspace       used 11720K, capacity 11772K, committed 12032K, reserved 1060864K
  class space    used 1460K, capacity 1492K, committed 1536K, reserved 1048576K
Event: 2.227 GC heap after
Heap after GC invocations=1 (full 0):
 PSYoungGen      total 56320K, used 7665K [0x0000000781900000, 0x0000000785780000, 0x00000007c0000000)
  eden space 48640K, 0% used [0x0000000781900000,0x0000000781900000,0x0000000784880000)
  from space 7680K, 99% used [0x0000000784880000,0x0000000784ffc4e0,0x0000000785000000)
  to   space 7680K, 0% used [0x0000000785000000,0x0000000785000000,0x0000000785780000)
 ParOldGen       total 128512K, used 2312K [0x0000000704a00000, 0x000000070c780000, 0x0000000781900000)
  object space 128512K, 1% used [0x0000000704a00000,0x0000000704c421f8,0x000000070c780000)
 Metaspace       used 11720K, capacity 11772K, committed 12032K, reserved 1060864K
  class space    used 1460K, capacity 1492K, committed 1536K, reserved 1048576K
}
Event: 4.688 GC heap before
{Heap before GC invocations=2 (full 0):
 PSYoungGen      total 56320K, used 56305K [0x0000000781900000, 0x0000000785780000, 0x00000007c0000000)
  eden space 48640K, 100% used [0x0000000781900000,0x0000000784880000,0x0000000784880000)
  from space 7680K, 99% used [0x0000000784880000,0x0000000784ffc4e0,0x0000000785000000)
  to   space 7680K, 0% used [0x0000000785000000,0x0000000785000000,0x0000000785780000)
 ParOldGen       total 128512K, used 2312K [0x0000000704a00000, 0x000000070c780000, 0x0000000781900000)
  object space 128512K, 1% used [0x0000000704a00000,0x0000000704c421f8,0x000000070c780000)
 Metaspace       used 19796K, capacity 20314K, committed 20480K, reserved 1067008K
  class space    used 2496K, capacity 2757K, committed 2816K, reserved 1048576K
Event: 4.719 GC heap after
Heap after GC invocations=2 (full 0):
 PSYoungGen      total 56320K, used 7664K [0x0000000781900000, 0x0000000788700000, 0x00000007c0000000)
  eden space 48640K, 0% used [0x0000000781900000,0x0000000781900000,0x0000000784880000)
  from space 7680K, 99% used [0x0000000785000000,0x000000078577c070,0x0000000785780000)
  to   space 7680K, 0% used [0x0000000784880000,0x0000000784880000,0x0000000785000000)
 ParOldGen       total 128512K, used 8009K [0x0000000704a00000, 0x000000070c780000, 0x0000000781900000)
  object space 128512K, 6% used [0x0000000704a00000,0x00000007051d27f8,0x000000070c780000)
 Metaspace       used 19796K, capacity 20314K, committed 20480K, reserved 1067008K
  class space    used 2496K, capacity 2757K, committed 2816K, reserved 1048576K
}
Event: 6.122 GC heap before
{Heap before GC invocations=3 (full 0):
 PSYoungGen      total 56320K, used 56304K [0x0000000781900000, 0x0000000788700000, 0x00000007c0000000)
  eden space 48640K, 100% used [0x0000000781900000,0x0000000784880000,0x0000000784880000)
  from space 7680K, 99% used [0x0000000785000000,0x000000078577c070,0x0000000785780000)
  to   space 7680K, 0% used [0x0000000784880000,0x0000000784880000,0x0000000785000000)
 ParOldGen       total 128512K, used 8009K [0x0000000704a00000, 0x000000070c780000, 0x0000000781900000)
  object space 128512K, 6% used [0x0000000704a00000,0x00000007051d27f8,0x000000070c780000)
 Metaspace       used 20222K, capacity 20762K, committed 20992K, reserved 1067008K
  class space    used 2503K, capacity 2757K, committed 2816K, reserved 1048576K
Event: 6.151 GC heap after
Heap after GC invocations=3 (full 0):
 PSYoungGen      total 56320K, used 7664K [0x0000000781900000, 0x0000000788700000, 0x00000007c0000000)
  eden space 48640K, 0% used [0x0000000781900000,0x0000000781900000,0x0000000784880000)
  from space 7680K, 99% used [0x0000000784880000,0x0000000784ffc060,0x0000000785000000)
  to   space 7680K, 0% used [0x0000000787f80000,0x0000000787f80000,0x0000000788700000)
 ParOldGen       total 128512K, used 9411K [0x0000000704a00000, 0x000000070c780000, 0x0000000781900000)
  object space 128512K, 7% used [0x0000000704a00000,0x0000000705330f50,0x000000070c780000)
 Metaspace       used 20222K, capacity 20762K, committed 20992K, reserved 1067008K
  class space    used 2503K, capacity 2757K, committed 2816K, reserved 1048576K
}
Event: 7.014 GC heap before
{Heap before GC invocations=4 (full 0):
 PSYoungGen      total 56320K, used 56304K [0x0000000781900000, 0x0000000788700000, 0x00000007c0000000)
  eden space 48640K, 100% used [0x0000000781900000,0x0000000784880000,0x0000000784880000)
  from space 7680K, 99% used [0x0000000784880000,0x0000000784ffc060,0x0000000785000000)
  to   space 7680K, 0% used [0x0000000787f80000,0x0000000787f80000,0x0000000788700000)
 ParOldGen       total 128512K, used 9411K [0x0000000704a00000, 0x000000070c780000, 0x0000000781900000)
  object space 128512K, 7% used [0x0000000704a00000,0x0000000705330f50,0x000000070c780000)
 Metaspace       used 20313K, capacity 20826K, committed 20992K, reserved 1067008K
  class space    used 2503K, capacity 2757K, committed 2816K, reserved 1048576K
Event: 7.043 GC heap after
Heap after GC invocations=4 (full 0):
 PSYoungGen      total 104960K, used 7648K [0x0000000781900000, 0x0000000788700000, 0x00000007c0000000)
  eden space 97280K, 0% used [0x0000000781900000,0x0000000781900000,0x0000000787800000)
  from space 7680K, 99% used [0x0000000787f80000,0x00000007886f8060,0x0000000788700000)
  to   space 7680K, 0% used [0x0000000787800000,0x0000000787800000,0x0000000787f80000)
 ParOldGen       total 128512K, used 11147K [0x0000000704a00000, 0x000000070c780000, 0x0000000781900000)
  object space 128512K, 8% used [0x0000000704a00000,0x00000007054e2f60,0x000000070c780000)
 Metaspace       used 20313K, capacity 20826K, committed 20992K, reserved 1067008K
  class space    used 2503K, capacity 2757K, committed 2816K, reserved 1048576K
}

